<?xml version="1.0" encoding="UTF-8"?>
<!-- Generated by org.testng.reporters.JUnitXMLReporter -->
<testsuite hostname="ennb016" name="Test" tests="5" failures="0" timestamp="1 Sep 2019 15:14:14 GMT" time="0.021" errors="0">
  <testcase name="" time="0.006" classname="googlesearch_page.TestNGGroups"/>
  <testcase name="" time="0.001" classname="googlesearch_page.TestNGGroups"/>
  <testcase name="" time="0.0" classname="googlesearch_page.TestNGGroups"/>
  <testcase name="" time="0.001" classname="googlesearch_page.TestNGGroups"/>
  <testcase name="" time="0.001" classname="googlesearch_page.TestNGGroups"/>
</testsuite> <!-- Test -->
